<?xml version="1.0" encoding="UTF-8"?>
<!-- Generated by org.testng.reporters.JUnitReportReporter -->
<testsuite hostname="DESKTOP-8022TD4" failures="0" tests="2" name="cloaktesting.APITest" time="0.001" errors="0" timestamp="18 Feb 2020 02:42:36 GMT" skipped="0">
  <testcase classname="cloaktesting.APITest" name="deleteTwitter" time="0.000"/>
  <testcase classname="cloaktesting.APITest" name="posJira" time="0.001"/>
</testsuite> <!-- cloaktesting.APITest -->
