<?xml version="1.0" encoding="UTF-8"?>
<!-- Generated by org.testng.reporters.JUnitReportReporter -->
<testsuite hostname="DESKTOP-8022TD4" failures="0" tests="2" name="cloaktesting.SeleniumTest" time="0.005" errors="0" timestamp="18 Feb 2020 02:42:36 GMT" skipped="0">
  <testcase classname="cloaktesting.SeleniumTest" name="browserAutomation" time="0.004"/>
  <testcase classname="cloaktesting.SeleniumTest" name="elementsUI" time="0.001"/>
</testsuite> <!-- cloaktesting.SeleniumTest -->
