<?xml version="1.0" encoding="UTF-8"?>
<!-- Generated by org.testng.reporters.JUnitReportReporter -->
<testsuite hostname="DESKTOP-8022TD4" failures="0" tests="2" name="cloaktesting.AppiumTest" time="0.000" errors="0" timestamp="18 Feb 2020 02:41:58 GMT" skipped="0">
  <testcase classname="cloaktesting.AppiumTest" name="nativeAppIos" time="0.000"/>
  <testcase classname="cloaktesting.AppiumTest" name="nativeAppAndroid" time="0.000"/>
</testsuite> <!-- cloaktesting.AppiumTest -->
